Using pre-set license
Pro License: NO

 COMMAND LINE ARGUMENTS:
/Applications/Unity/Hub/Editor/2021.1.12f1/Unity.app/Contents/MacOS/Unity
-adb2
-batchMode
-noUpm
-name
AssetImportWorker0
-projectPath
/Users/vegatechcomputerservices/Documents/Unity_L8/2021 Game Jam HW/Game Jam Source/Void Game
-logFile
Logs/AssetImportWorker0.log
-srvPort
54572
Successfully changed project path to: /Users/vegatechcomputerservices/Documents/Unity_L8/2021 Game Jam HW/Game Jam Source/Void Game
/Users/vegatechcomputerservices/Documents/Unity_L8/2021 Game Jam HW/Game Jam Source/Void Game
Using Asset Import Pipeline V2.
Refreshing native plugins compatible for Editor in 186.37 ms, found 2 plugins.
Preloading 0 native plugins for Editor in 0.00 ms.
Initialize engine version: 2021.1.12f1 (afcadd793de6)
[Subsystems] Discovering subsystems at path /Applications/Unity/Hub/Editor/2021.1.12f1/Unity.app/Contents/Resources/UnitySubsystems
[Subsystems] Discovering subsystems at path /Users/vegatechcomputerservices/Documents/Unity_L8/2021 Game Jam HW/Game Jam Source/Void Game/Assets
GfxDevice: creating device client; threaded=0; jobified=0
2021-06-22 15:47:28.115 Unity[68701:4796048] Color LCD preferred device: AMD Radeon Pro 5300M (high power)
2021-06-22 15:47:28.115 Unity[68701:4796048] Metal devices available: 2
2021-06-22 15:47:28.115 Unity[68701:4796048] 0: AMD Radeon Pro 5300M (high power)
2021-06-22 15:47:28.115 Unity[68701:4796048] 1: Intel(R) UHD Graphics 630 (low power)
2021-06-22 15:47:28.116 Unity[68701:4796048] Using device AMD Radeon Pro 5300M (high power)
Initializing Metal device caps: AMD Radeon Pro 5300M
Initialize mono
Mono path[0] = '/Applications/Unity/Hub/Editor/2021.1.12f1/Unity.app/Contents/Managed'
Mono path[1] = '/Applications/Unity/Hub/Editor/2021.1.12f1/Unity.app/Contents/MonoBleedingEdge/lib/mono/unityjit'
Mono config path = '/Applications/Unity/Hub/Editor/2021.1.12f1/Unity.app/Contents/MonoBleedingEdge/etc'
Using monoOptions --debugger-agent=transport=dt_socket,embedding=1,server=y,suspend=n,address=127.0.0.1:56701
Begin MonoManager ReloadAssembly
Registering precompiled unity dll's ...
Register platform support module: /Applications/Unity/Hub/Editor/2021.1.12f1/Unity.app/Contents/PlaybackEngines/MacStandaloneSupport/UnityEditor.OSXStandalone.Extensions.dll
Register platform support module: /Applications/Unity/Hub/Editor/2021.1.12f1/PlaybackEngines/WindowsStandaloneSupport/UnityEditor.WindowsStandalone.Extensions.dll
Registered in 0.002479 seconds.
Native extension for WindowsStandalone target not found
Native extension for OSXStandalone target not found
Refreshing native plugins compatible for Editor in 162.83 ms, found 2 plugins.
Preloading 0 native plugins for Editor in 0.00 ms.
Mono: successfully reloaded assembly
- Completed reload, in  3.119 seconds
Domain Reload Profiling:
	ReloadAssembly (3119ms)
		BeginReloadAssembly (58ms)
			ExecutionOrderSort (0ms)
			DisableScriptedObjects (0ms)
			BackupInstance (0ms)
			ReleaseScriptingObjects (0ms)
			CreateAndSetChildDomain (1ms)
		EndReloadAssembly (776ms)
			LoadAssemblies (59ms)
			RebuildTransferFunctionScriptingTraits (0ms)
			SetupTypeCache (287ms)
			ReleaseScriptCaches (0ms)
			RebuildScriptCaches (53ms)
			SetupLoadedEditorAssemblies (376ms)
				LogAssemblyErrors (0ms)
				InitializePlatformSupportModulesInManaged (9ms)
				SetLoadedEditorAssemblies (0ms)
				RefreshPlugins (163ms)
				BeforeProcessingInitializeOnLoad (2ms)
				ProcessInitializeOnLoadAttributes (160ms)
				ProcessInitializeOnLoadMethodAttributes (42ms)
				AfterProcessingInitializeOnLoad (0ms)
				EditorAssembliesLoaded (0ms)
			ExecutionOrderSort2 (0ms)
			AwakeInstancesAfterBackupRestoration (0ms)
Platform modules already initialized, skipping
Registering precompiled user dll's ...
Registered in 0.013132 seconds.
Begin MonoManager ReloadAssembly
Symbol file LoadedFromMemory doesn't match image /Users/vegatechcomputerservices/Documents/Unity_L8/2021 Game Jam HW/Game Jam Source/Void Game/Library/PackageCache/com.unity.visualscripting@1.6.1/Editor/VisualScripting.Core/Dependencies/YamlDotNet/Unity.VisualScripting.YamlDotNet.dll
Symbol file LoadedFromMemory doesn't match image /Users/vegatechcomputerservices/Documents/Unity_L8/2021 Game Jam HW/Game Jam Source/Void Game/Library/PackageCache/com.unity.visualscripting@1.6.1/Editor/VisualScripting.Core/Dependencies/DotNetZip/Unity.VisualScripting.IonicZip.dll
Native extension for WindowsStandalone target not found
Native extension for OSXStandalone target not found
Refreshing native plugins compatible for Editor in 190.38 ms, found 2 plugins.
Preloading 0 native plugins for Editor in 0.00 ms.
Mono: successfully reloaded assembly
- Completed reload, in  2.470 seconds
Domain Reload Profiling:
	ReloadAssembly (2471ms)
		BeginReloadAssembly (237ms)
			ExecutionOrderSort (0ms)
			DisableScriptedObjects (6ms)
			BackupInstance (0ms)
			ReleaseScriptingObjects (0ms)
			CreateAndSetChildDomain (53ms)
		EndReloadAssembly (2139ms)
			LoadAssemblies (161ms)
			RebuildTransferFunctionScriptingTraits (0ms)
			SetupTypeCache (793ms)
			ReleaseScriptCaches (1ms)
			RebuildScriptCaches (166ms)
			SetupLoadedEditorAssemblies (834ms)
				LogAssemblyErrors (0ms)
				InitializePlatformSupportModulesInManaged (6ms)
				SetLoadedEditorAssemblies (0ms)
				RefreshPlugins (190ms)
				BeforeProcessingInitializeOnLoad (126ms)
				ProcessInitializeOnLoadAttributes (495ms)
				ProcessInitializeOnLoadMethodAttributes (14ms)
				AfterProcessingInitializeOnLoad (2ms)
				EditorAssembliesLoaded (0ms)
			ExecutionOrderSort2 (0ms)
			AwakeInstancesAfterBackupRestoration (9ms)
Platform modules already initialized, skipping
========================================================================
Worker process is ready to serve import requests
Launching external process: /Applications/Unity/Hub/Editor/2021.1.12f1/Unity.app/Contents/Tools/UnityShaderCompiler
Launched and connected shader compiler UnityShaderCompiler after 0.03 seconds
Refreshing native plugins compatible for Editor in 1.27 ms, found 2 plugins.
Preloading 0 native plugins for Editor in 0.00 ms.
Unloading 5487 Unused Serialized files (Serialized files now loaded: 0)
System memory in use before: 346.8 MB.
System memory in use after: 347.2 MB.

Unloading 26 unused Assets to reduce memory usage. Loaded Objects now: 5935.
Total: 5.964166 ms (FindLiveObjects: 0.696396 ms CreateObjectMapping: 0.628556 ms MarkObjects: 4.519504 ms  DeleteObjects: 0.117856 ms)

AssetImportParameters requested are different than current active one (requested -> active):
  custom:video-decoder-ogg-theora: a1e56fd34408186e4bbccfd4996cb3dc -> 
  custom:container-muxer-webm: aa71ff27fc2769a1b78a27578f13a17b -> 
  custom:container-demuxer-webm: 4f35f7cbe854078d1ac9338744f61a02 -> 
  custom:container-demuxer-ogg: 62fdf1f143b41e24485cea50d1cbac27 -> 
  custom:video-encoder-webm-vp8: eb34c28f22e8b96e1ab97ce403110664 -> 
  custom:framework-osx-AVFoundation: e770b220cccbd017edd2c1fefb359320 -> 
  custom:video-decoder-webm-vp8: 9c59270c3fd7afecdb556c50c9e8de78 -> 
  custom:audio-decoder-ogg-vorbis: bf7c407c2cedff20999df2af8eb42d56 -> 
  custom:audio-encoder-webm-vorbis: bf7c407c2cedff20999df2af8eb42d56 -> 
========================================================================
Received Import Request.
  path: Assets/Scripts
  artifactKey: Guid(1a1fbab9d55908f4fbdc2f699cce9a68) Importer(815301076,1909f56bfc062723c751e8b465ee728b)
Start importing Assets/Scripts using Guid(1a1fbab9d55908f4fbdc2f699cce9a68) Importer(815301076,1909f56bfc062723c751e8b465ee728b)  -> (artifact id: '388d65ed67f2b670260a7bd560b4aeeb') in 0.009185 seconds 
========================================================================
Received Prepare
Registering precompiled user dll's ...
Registered in 0.018859 seconds.
Begin MonoManager ReloadAssembly
Symbol file LoadedFromMemory doesn't match image /Users/vegatechcomputerservices/Documents/Unity_L8/2021 Game Jam HW/Game Jam Source/Void Game/Library/PackageCache/com.unity.visualscripting@1.6.1/Editor/VisualScripting.Core/Dependencies/YamlDotNet/Unity.VisualScripting.YamlDotNet.dll
Symbol file LoadedFromMemory doesn't match image /Users/vegatechcomputerservices/Documents/Unity_L8/2021 Game Jam HW/Game Jam Source/Void Game/Library/PackageCache/com.unity.visualscripting@1.6.1/Editor/VisualScripting.Core/Dependencies/DotNetZip/Unity.VisualScripting.IonicZip.dll
Native extension for WindowsStandalone target not found
Native extension for OSXStandalone target not found
Refreshing native plugins compatible for Editor in 1.48 ms, found 2 plugins.
Preloading 0 native plugins for Editor in 0.00 ms.
Mono: successfully reloaded assembly
- Completed reload, in  2.148 seconds
Domain Reload Profiling:
	ReloadAssembly (2148ms)
		BeginReloadAssembly (215ms)
			ExecutionOrderSort (0ms)
			DisableScriptedObjects (7ms)
			BackupInstance (0ms)
			ReleaseScriptingObjects (0ms)
			CreateAndSetChildDomain (124ms)
		EndReloadAssembly (1829ms)
			LoadAssemblies (154ms)
			RebuildTransferFunctionScriptingTraits (0ms)
			SetupTypeCache (808ms)
			ReleaseScriptCaches (3ms)
			RebuildScriptCaches (128ms)
			SetupLoadedEditorAssemblies (571ms)
				LogAssemblyErrors (0ms)
				InitializePlatformSupportModulesInManaged (6ms)
				SetLoadedEditorAssemblies (1ms)
				RefreshPlugins (2ms)
				BeforeProcessingInitializeOnLoad (92ms)
				ProcessInitializeOnLoadAttributes (457ms)
				ProcessInitializeOnLoadMethodAttributes (12ms)
				AfterProcessingInitializeOnLoad (2ms)
				EditorAssembliesLoaded (0ms)
			ExecutionOrderSort2 (0ms)
			AwakeInstancesAfterBackupRestoration (9ms)
Platform modules already initialized, skipping
Refreshing native plugins compatible for Editor in 0.90 ms, found 2 plugins.
Preloading 0 native plugins for Editor in 0.00 ms.
Unloading 5388 Unused Serialized files (Serialized files now loaded: 0)
System memory in use before: 340.4 MB.
System memory in use after: 340.9 MB.

Unloading 19 unused Assets to reduce memory usage. Loaded Objects now: 5938.
Total: 4.666881 ms (FindLiveObjects: 0.403582 ms CreateObjectMapping: 0.409719 ms MarkObjects: 3.774285 ms  DeleteObjects: 0.076858 ms)

AssetImportParameters requested are different than current active one (requested -> active):
  custom:video-decoder-ogg-theora: a1e56fd34408186e4bbccfd4996cb3dc -> 
  custom:container-muxer-webm: aa71ff27fc2769a1b78a27578f13a17b -> 
  custom:container-demuxer-webm: 4f35f7cbe854078d1ac9338744f61a02 -> 
  custom:container-demuxer-ogg: 62fdf1f143b41e24485cea50d1cbac27 -> 
  custom:video-encoder-webm-vp8: eb34c28f22e8b96e1ab97ce403110664 -> 
  custom:framework-osx-AVFoundation: e770b220cccbd017edd2c1fefb359320 -> 
  custom:video-decoder-webm-vp8: 9c59270c3fd7afecdb556c50c9e8de78 -> 
  custom:audio-decoder-ogg-vorbis: bf7c407c2cedff20999df2af8eb42d56 -> 
  custom:audio-encoder-webm-vorbis: bf7c407c2cedff20999df2af8eb42d56 -> 
========================================================================
Received Import Request.
  Time since last request: 518.946894 seconds.
  path: Assets/Materals
  artifactKey: Guid(b65b1ac33b19347ae867868a57820a10) Importer(815301076,1909f56bfc062723c751e8b465ee728b)
Start importing Assets/Materals using Guid(b65b1ac33b19347ae867868a57820a10) Importer(815301076,1909f56bfc062723c751e8b465ee728b)  -> (artifact id: 'c8aff308c753f1f9d9b7da3ee3ae96a8') in 0.010926 seconds 
========================================================================
Received Import Request.
  Time since last request: 13.215452 seconds.
  path: Assets/Materals/Ground.mat
  artifactKey: Guid(f487ffd59efd84db5bbbb54e83807cbc) Importer(815301076,1909f56bfc062723c751e8b465ee728b)
Start importing Assets/Materals/Ground.mat using Guid(f487ffd59efd84db5bbbb54e83807cbc) Importer(815301076,1909f56bfc062723c751e8b465ee728b)  -> (artifact id: 'b2cabbe9ec691af559efd5cef709c47e') in 2.322454 seconds 
========================================================================
Received Import Request.
  Time since last request: 796.640935 seconds.
  path: Assets/Materals/Ground.mat
  artifactKey: Guid(f487ffd59efd84db5bbbb54e83807cbc) Importer(815301076,1909f56bfc062723c751e8b465ee728b)
Start importing Assets/Materals/Ground.mat using Guid(f487ffd59efd84db5bbbb54e83807cbc) Importer(815301076,1909f56bfc062723c751e8b465ee728b)  -> (artifact id: 'bb647c393180866ab9f230bf2b37a8fe') in 0.080787 seconds 
========================================================================
Received Prepare
Registering precompiled user dll's ...
Registered in 0.008833 seconds.
Begin MonoManager ReloadAssembly
Symbol file LoadedFromMemory doesn't match image /Users/vegatechcomputerservices/Documents/Unity_L8/2021 Game Jam HW/Game Jam Source/Void Game/Library/PackageCache/com.unity.visualscripting@1.6.1/Editor/VisualScripting.Core/Dependencies/YamlDotNet/Unity.VisualScripting.YamlDotNet.dll
Symbol file LoadedFromMemory doesn't match image /Users/vegatechcomputerservices/Documents/Unity_L8/2021 Game Jam HW/Game Jam Source/Void Game/Library/PackageCache/com.unity.visualscripting@1.6.1/Editor/VisualScripting.Core/Dependencies/DotNetZip/Unity.VisualScripting.IonicZip.dll
Native extension for WindowsStandalone target not found
Native extension for OSXStandalone target not found
Refreshing native plugins compatible for Editor in 1.33 ms, found 2 plugins.
Preloading 0 native plugins for Editor in 0.00 ms.
Mono: successfully reloaded assembly
- Completed reload, in  2.776 seconds
Domain Reload Profiling:
	ReloadAssembly (2777ms)
		BeginReloadAssembly (307ms)
			ExecutionOrderSort (0ms)
			DisableScriptedObjects (9ms)
			BackupInstance (0ms)
			ReleaseScriptingObjects (0ms)
			CreateAndSetChildDomain (201ms)
		EndReloadAssembly (2320ms)
			LoadAssemblies (228ms)
			RebuildTransferFunctionScriptingTraits (0ms)
			SetupTypeCache (955ms)
			ReleaseScriptCaches (2ms)
			RebuildScriptCaches (132ms)
			SetupLoadedEditorAssemblies (764ms)
				LogAssemblyErrors (0ms)
				InitializePlatformSupportModulesInManaged (8ms)
				SetLoadedEditorAssemblies (1ms)
				RefreshPlugins (1ms)
				BeforeProcessingInitializeOnLoad (112ms)
				ProcessInitializeOnLoadAttributes (617ms)
				ProcessInitializeOnLoadMethodAttributes (21ms)
				AfterProcessingInitializeOnLoad (3ms)
				EditorAssembliesLoaded (0ms)
			ExecutionOrderSort2 (0ms)
			AwakeInstancesAfterBackupRestoration (15ms)
Platform modules already initialized, skipping
Refreshing native plugins compatible for Editor in 1.17 ms, found 2 plugins.
Preloading 0 native plugins for Editor in 0.00 ms.
Unloading 5396 Unused Serialized files (Serialized files now loaded: 0)
System memory in use before: 349.5 MB.
System memory in use after: 349.9 MB.

Unloading 19 unused Assets to reduce memory usage. Loaded Objects now: 5989.
Total: 4.103667 ms (FindLiveObjects: 0.443186 ms CreateObjectMapping: 0.340731 ms MarkObjects: 3.264517 ms  DeleteObjects: 0.054133 ms)

AssetImportParameters requested are different than current active one (requested -> active):
  custom:video-decoder-ogg-theora: a1e56fd34408186e4bbccfd4996cb3dc -> 
  custom:container-muxer-webm: aa71ff27fc2769a1b78a27578f13a17b -> 
  custom:container-demuxer-webm: 4f35f7cbe854078d1ac9338744f61a02 -> 
  custom:container-demuxer-ogg: 62fdf1f143b41e24485cea50d1cbac27 -> 
  custom:video-encoder-webm-vp8: eb34c28f22e8b96e1ab97ce403110664 -> 
  custom:framework-osx-AVFoundation: e770b220cccbd017edd2c1fefb359320 -> 
  custom:video-decoder-webm-vp8: 9c59270c3fd7afecdb556c50c9e8de78 -> 
  custom:audio-decoder-ogg-vorbis: bf7c407c2cedff20999df2af8eb42d56 -> 
  custom:audio-encoder-webm-vorbis: bf7c407c2cedff20999df2af8eb42d56 -> 
========================================================================
Received Import Request.
  Time since last request: 94.421978 seconds.
  path: Assets/HighQualityBricks&Walls/Materials
  artifactKey: Guid(7a0bd03446fd5bd41bd435a643f11f8a) Importer(815301076,1909f56bfc062723c751e8b465ee728b)
Start importing Assets/HighQualityBricks&Walls/Materials using Guid(7a0bd03446fd5bd41bd435a643f11f8a) Importer(815301076,1909f56bfc062723c751e8b465ee728b)  -> (artifact id: '402e165da60180b3b0b163fd9d90604f') in 0.028813 seconds 
========================================================================
Received Import Request.
  Time since last request: 0.000273 seconds.
  path: Assets/HighQualityBricks&Walls/Materials/wall-846013.mat
  artifactKey: Guid(d162a9a77600c6847951c4dab77526bc) Importer(815301076,1909f56bfc062723c751e8b465ee728b)
Start importing Assets/HighQualityBricks&Walls/Materials/wall-846013.mat using Guid(d162a9a77600c6847951c4dab77526bc) Importer(815301076,1909f56bfc062723c751e8b465ee728b)  -> (artifact id: '781d347ececa0423e6b250ad57d27e01') in 0.510538 seconds 
========================================================================
Received Import Request.
  Time since last request: 0.000207 seconds.
  path: Assets/HighQualityBricks&Walls/Materials/wall-846015.mat
  artifactKey: Guid(1e61acfa4b0498b4e86cede97f83468b) Importer(815301076,1909f56bfc062723c751e8b465ee728b)
Start importing Assets/HighQualityBricks&Walls/Materials/wall-846015.mat using Guid(1e61acfa4b0498b4e86cede97f83468b) Importer(815301076,1909f56bfc062723c751e8b465ee728b)  -> (artifact id: '362d08f4d6c5506ac4a97ada1df563d4') in 0.025635 seconds 
========================================================================
Received Import Request.
  Time since last request: 0.000215 seconds.
  path: Assets/HighQualityBricks&Walls/Materials/wood-731407.mat
  artifactKey: Guid(54f97bbe91406b0438be56a2f82a880e) Importer(815301076,1909f56bfc062723c751e8b465ee728b)
Start importing Assets/HighQualityBricks&Walls/Materials/wood-731407.mat using Guid(54f97bbe91406b0438be56a2f82a880e) Importer(815301076,1909f56bfc062723c751e8b465ee728b)  -> (artifact id: '8cb5b1a66f5a4b2be941d954bb4bfc17') in 0.030860 seconds 
========================================================================
Received Import Request.
  Time since last request: 0.000252 seconds.
  path: Assets/HighQualityBricks&Walls/Materials/wall-617961.mat
  artifactKey: Guid(6eefc055ee419ea49af280cd42314208) Importer(815301076,1909f56bfc062723c751e8b465ee728b)
Start importing Assets/HighQualityBricks&Walls/Materials/wall-617961.mat using Guid(6eefc055ee419ea49af280cd42314208) Importer(815301076,1909f56bfc062723c751e8b465ee728b)  -> (artifact id: '64fd09f1cce920d18f759245c2a40777') in 0.035574 seconds 
========================================================================
Received Import Request.
  Time since last request: 0.000316 seconds.
  path: Assets/HighQualityBricks&Walls/Materials/wood-938698.mat
  artifactKey: Guid(14efce1c30a92df4e823b240f2830d0f) Importer(815301076,1909f56bfc062723c751e8b465ee728b)
Start importing Assets/HighQualityBricks&Walls/Materials/wood-938698.mat using Guid(14efce1c30a92df4e823b240f2830d0f) Importer(815301076,1909f56bfc062723c751e8b465ee728b)  -> (artifact id: '02c654a8a67fe7e1d2686795ed13783f') in 0.027412 seconds 
========================================================================
Received Import Request.
  Time since last request: 0.000244 seconds.
  path: Assets/HighQualityBricks&Walls/Materials/texture-709723.mat
  artifactKey: Guid(984311b2037358d418cdd4d650f62c52) Importer(815301076,1909f56bfc062723c751e8b465ee728b)
Start importing Assets/HighQualityBricks&Walls/Materials/texture-709723.mat using Guid(984311b2037358d418cdd4d650f62c52) Importer(815301076,1909f56bfc062723c751e8b465ee728b)  -> (artifact id: 'fb24bd512c7fa2a2c2be752744934d08') in 0.030999 seconds 
========================================================================
Received Import Request.
  Time since last request: 0.000219 seconds.
  path: Assets/HighQualityBricks&Walls/Materials/stone-805287.mat
  artifactKey: Guid(8d0b4475c38df4240b5c2aba4d0f9182) Importer(815301076,1909f56bfc062723c751e8b465ee728b)
Start importing Assets/HighQualityBricks&Walls/Materials/stone-805287.mat using Guid(8d0b4475c38df4240b5c2aba4d0f9182) Importer(815301076,1909f56bfc062723c751e8b465ee728b)  -> (artifact id: '95ab5c496b6a0fbc92fb16077679a3f1') in 0.026191 seconds 
========================================================================
Received Import Request.
  Time since last request: 0.000316 seconds.
  path: Assets/HighQualityBricks&Walls/Materials/tile-846018.mat
  artifactKey: Guid(77826ad27882dcf4e8feded3f4ef9411) Importer(815301076,1909f56bfc062723c751e8b465ee728b)
Start importing Assets/HighQualityBricks&Walls/Materials/tile-846018.mat using Guid(77826ad27882dcf4e8feded3f4ef9411) Importer(815301076,1909f56bfc062723c751e8b465ee728b)  -> (artifact id: '3553cb12b832fe4d90d8fa2087184f4e') in 0.033224 seconds 
========================================================================
Received Import Request.
  Time since last request: 0.000225 seconds.
  path: Assets/HighQualityBricks&Walls/Materials/wood-877365.mat
  artifactKey: Guid(e75eb513962b3d042b8333dba21f4451) Importer(815301076,1909f56bfc062723c751e8b465ee728b)
Start importing Assets/HighQualityBricks&Walls/Materials/wood-877365.mat using Guid(e75eb513962b3d042b8333dba21f4451) Importer(815301076,1909f56bfc062723c751e8b465ee728b)  -> (artifact id: '4bb4b8d772a86517dcf566a516496791') in 0.020419 seconds 
========================================================================
Received Import Request.
  Time since last request: 0.000325 seconds.
  path: Assets/HighQualityBricks&Walls/Materials/shading-671263.mat
  artifactKey: Guid(51f6d5f3d3b2114498dd47d6f5b59053) Importer(815301076,1909f56bfc062723c751e8b465ee728b)
Start importing Assets/HighQualityBricks&Walls/Materials/shading-671263.mat using Guid(51f6d5f3d3b2114498dd47d6f5b59053) Importer(815301076,1909f56bfc062723c751e8b465ee728b)  -> (artifact id: '449eb466a955589adbff530f6b3efd72') in 0.038540 seconds 
========================================================================
Received Import Request.
  Time since last request: 0.000370 seconds.
  path: Assets/HighQualityBricks&Walls/Materials/bricks-868344.mat
  artifactKey: Guid(171d305832c1ff8439b29868a108e89f) Importer(815301076,1909f56bfc062723c751e8b465ee728b)
Start importing Assets/HighQualityBricks&Walls/Materials/bricks-868344.mat using Guid(171d305832c1ff8439b29868a108e89f) Importer(815301076,1909f56bfc062723c751e8b465ee728b)  -> (artifact id: '7df16dc4b0138646c9c8de70edb0f5f3') in 0.023965 seconds 
========================================================================
Received Import Request.
  Time since last request: 0.000275 seconds.
  path: Assets/HighQualityBricks&Walls/Materials/patch-924648.mat
  artifactKey: Guid(ab401e780d35a3e45ab242a36dc42d51) Importer(815301076,1909f56bfc062723c751e8b465ee728b)
Start importing Assets/HighQualityBricks&Walls/Materials/patch-924648.mat using Guid(ab401e780d35a3e45ab242a36dc42d51) Importer(815301076,1909f56bfc062723c751e8b465ee728b)  -> (artifact id: '05b9a2a2300692cc16f48cac74bd5345') in 0.035454 seconds 
========================================================================
Received Import Request.
  Time since last request: 0.000231 seconds.
  path: Assets/HighQualityBricks&Walls/Materials/wood-877000.mat
  artifactKey: Guid(38f3f637bf4ee2f4985854efd0523b78) Importer(815301076,1909f56bfc062723c751e8b465ee728b)
Start importing Assets/HighQualityBricks&Walls/Materials/wood-877000.mat using Guid(38f3f637bf4ee2f4985854efd0523b78) Importer(815301076,1909f56bfc062723c751e8b465ee728b)  -> (artifact id: 'ac4e179034d11db5b9b20c456d0c7dde') in 0.024977 seconds 
========================================================================
Received Import Request.
  Time since last request: 0.000215 seconds.
  path: Assets/HighQualityBricks&Walls/Materials/brick-957827.mat
  artifactKey: Guid(27348c2da388ee24aadf8472f82ad963) Importer(815301076,1909f56bfc062723c751e8b465ee728b)
Start importing Assets/HighQualityBricks&Walls/Materials/brick-957827.mat using Guid(27348c2da388ee24aadf8472f82ad963) Importer(815301076,1909f56bfc062723c751e8b465ee728b)  -> (artifact id: 'fa88fbf850ae408a8c20f310d8d578b0') in 0.033980 seconds 
========================================================================
Received Import Request.
  Time since last request: 0.000311 seconds.
  path: Assets/HighQualityBricks&Walls/Materials/brick-807728.mat
  artifactKey: Guid(3e46b23eb6516a34e8abad106a45e8c4) Importer(815301076,1909f56bfc062723c751e8b465ee728b)
Start importing Assets/HighQualityBricks&Walls/Materials/brick-807728.mat using Guid(3e46b23eb6516a34e8abad106a45e8c4) Importer(815301076,1909f56bfc062723c751e8b465ee728b)  -> (artifact id: 'b3b5156e3152c83c36e4b3a1c1beefe7') in 0.030614 seconds 
========================================================================
Received Import Request.
  Time since last request: 0.000239 seconds.
  path: Assets/HighQualityBricks&Walls/Materials/brick-957823.mat
  artifactKey: Guid(e66d282c1a589b740978ed3a03245fb4) Importer(815301076,1909f56bfc062723c751e8b465ee728b)
Start importing Assets/HighQualityBricks&Walls/Materials/brick-957823.mat using Guid(e66d282c1a589b740978ed3a03245fb4) Importer(815301076,1909f56bfc062723c751e8b465ee728b)  -> (artifact id: '9f6a53c30ca6d5190700601fd8d0cbb4') in 0.025148 seconds 
